Traceback (most recent call last):
  File "/Users/cshenderson/miniconda3/envs/book/lib/python3.10/site-packages/jupyter_cache/executors/utils.py", line 51, in single_nb_execution
    executenb(
  File "/Users/cshenderson/miniconda3/envs/book/lib/python3.10/site-packages/nbclient/client.py", line 1204, in execute
    return NotebookClient(nb=nb, resources=resources, km=km, **kwargs).execute()
  File "/Users/cshenderson/miniconda3/envs/book/lib/python3.10/site-packages/nbclient/util.py", line 84, in wrapped
    return just_run(coro(*args, **kwargs))
  File "/Users/cshenderson/miniconda3/envs/book/lib/python3.10/site-packages/nbclient/util.py", line 62, in just_run
    return loop.run_until_complete(coro)
  File "/Users/cshenderson/miniconda3/envs/book/lib/python3.10/asyncio/base_events.py", line 646, in run_until_complete
    return future.result()
  File "/Users/cshenderson/miniconda3/envs/book/lib/python3.10/site-packages/nbclient/client.py", line 663, in async_execute
    await self.async_execute_cell(
  File "/Users/cshenderson/miniconda3/envs/book/lib/python3.10/site-packages/nbclient/client.py", line 965, in async_execute_cell
    await self._check_raise_for_error(cell, cell_index, exec_reply)
  File "/Users/cshenderson/miniconda3/envs/book/lib/python3.10/site-packages/nbclient/client.py", line 862, in _check_raise_for_error
    raise CellExecutionError.from_cell_and_msg(cell, exec_reply_content)
nbclient.exceptions.CellExecutionError: An error occurred while executing the following cell:
------------------
from myst_nb import glue
import numpy as np
import matplotlib.pyplot as plt
from scipy.integrate import odeint

fig,ax=plt.subplots(2,2,figsize=(10,10),)

x = np.linspace(-2,2,1000)
y = np.linspace(-2,2,1000)
[X,Y] = np.meshgrid(x,y)

c=-1
(U,V)=(Y,-X-c*(Y**3-Y))
start=[[0.5,0.5],[1,1]]
ax[0,0].streamplot(X,Y,U,V,start_points=start,density=20,arrowsize=2)
ax[0,0].set_title('c=-1')

c=0
(U,V)=(Y,-X-c*(Y**3-Y))
start=[[0.5,0.5],[1,1]]
ax[0,1].streamplot(X,Y,U,V,start_points=start,density=20,arrowsize=2)
ax[0,1].set_title('c=0')

c=1
(U,V)=(Y,-X-c*(Y**3-Y))
start=[[0.5,0.5],[1,1]]
ax[1,0].streamplot(X,Y,U,V,start_points=start,density=20,arrowsize=2,maxlength=10.0)
ax[1,0].set_title('c=1')


c=2.1
(U,V)=(Y,-X-c*(Y**3-Y))
start=[[0.5,0.5],[-0.5,-0.5],[0.5,-0.5],[-0.5,0.5],[1,1]]
ax[1,1].streamplot(X,Y,U,V,start_points=start,density=20,arrowsize=2,maxlength=10.0)
ax[1,1].set_title('c=2.1')
glue("rayl_fig", fig, display=False)
------------------

[0;31m---------------------------------------------------------------------------[0m
[0;31mModuleNotFoundError[0m                       Traceback (most recent call last)
Input [0;32mIn [10][0m, in [0;36m<cell line: 4>[0;34m()[0m
[1;32m      2[0m [38;5;28;01mimport[39;00m [38;5;21;01mnumpy[39;00m [38;5;28;01mas[39;00m [38;5;21;01mnp[39;00m
[1;32m      3[0m [38;5;28;01mimport[39;00m [38;5;21;01mmatplotlib[39;00m[38;5;21;01m.[39;00m[38;5;21;01mpyplot[39;00m [38;5;28;01mas[39;00m [38;5;21;01mplt[39;00m
[0;32m----> 4[0m [38;5;28;01mfrom[39;00m [38;5;21;01mscipy[39;00m[38;5;21;01m.[39;00m[38;5;21;01mintegrate[39;00m [38;5;28;01mimport[39;00m odeint
[1;32m      6[0m fig,ax[38;5;241m=[39mplt[38;5;241m.[39msubplots([38;5;241m2[39m,[38;5;241m2[39m,figsize[38;5;241m=[39m([38;5;241m10[39m,[38;5;241m10[39m),)
[1;32m      8[0m x [38;5;241m=[39m np[38;5;241m.[39mlinspace([38;5;241m-[39m[38;5;241m2[39m,[38;5;241m2[39m,[38;5;241m1000[39m)

[0;31mModuleNotFoundError[0m: No module named 'scipy'
ModuleNotFoundError: No module named 'scipy'

