Traceback (most recent call last):
  File "/Users/cshenderson/miniconda3/envs/book/lib/python3.10/site-packages/jupyter_cache/executors/utils.py", line 51, in single_nb_execution
    executenb(
  File "/Users/cshenderson/miniconda3/envs/book/lib/python3.10/site-packages/nbclient/client.py", line 1204, in execute
    return NotebookClient(nb=nb, resources=resources, km=km, **kwargs).execute()
  File "/Users/cshenderson/miniconda3/envs/book/lib/python3.10/site-packages/nbclient/util.py", line 84, in wrapped
    return just_run(coro(*args, **kwargs))
  File "/Users/cshenderson/miniconda3/envs/book/lib/python3.10/site-packages/nbclient/util.py", line 62, in just_run
    return loop.run_until_complete(coro)
  File "/Users/cshenderson/miniconda3/envs/book/lib/python3.10/asyncio/base_events.py", line 646, in run_until_complete
    return future.result()
  File "/Users/cshenderson/miniconda3/envs/book/lib/python3.10/site-packages/nbclient/client.py", line 663, in async_execute
    await self.async_execute_cell(
  File "/Users/cshenderson/miniconda3/envs/book/lib/python3.10/site-packages/nbclient/client.py", line 965, in async_execute_cell
    await self._check_raise_for_error(cell, cell_index, exec_reply)
  File "/Users/cshenderson/miniconda3/envs/book/lib/python3.10/site-packages/nbclient/client.py", line 862, in _check_raise_for_error
    raise CellExecutionError.from_cell_and_msg(cell, exec_reply_content)
nbclient.exceptions.CellExecutionError: An error occurred while executing the following cell:
------------------
from scipy.integrate import odeint

# Parameter values
w=1; k=0

# Initial conditions for t,x,y
t0=0; X0=[1,0]

# time points from t0 to tmax (1000 points)
tmax=20
t = np.linspace(t0,tmax,1000)    

# solve ODE
X = odeint(pend,X0,t,args=(w,k))
------------------

[0;31m---------------------------------------------------------------------------[0m
[0;31mModuleNotFoundError[0m                       Traceback (most recent call last)
Input [0;32mIn [4][0m, in [0;36m<cell line: 1>[0;34m()[0m
[0;32m----> 1[0m [38;5;28;01mfrom[39;00m [38;5;21;01mscipy[39;00m[38;5;21;01m.[39;00m[38;5;21;01mintegrate[39;00m [38;5;28;01mimport[39;00m odeint
[1;32m      3[0m [38;5;66;03m# Parameter values[39;00m
[1;32m      4[0m w[38;5;241m=[39m[38;5;241m1[39m; k[38;5;241m=[39m[38;5;241m0[39m

[0;31mModuleNotFoundError[0m: No module named 'scipy'
ModuleNotFoundError: No module named 'scipy'

